0 info it worked if it ends with ok
1 verbose cli [ 'C:\\Program Files\\nodejs\\node.exe',
1 verbose cli   'C:\\Program Files\\nodejs\\node_modules\\npm\\bin\\npm-cli.js',
1 verbose cli   'run',
1 verbose cli   'docker-build' ]
2 info using npm@2.14.12
3 info using node@v4.2.5
4 verbose run-script [ 'predocker-build', 'docker-build', 'postdocker-build' ]
5 info predocker-build angular2-quickstart@1.0.0
6 info docker-build angular2-quickstart@1.0.0
7 verbose unsafe-perm in lifecycle true
8 info angular2-quickstart@1.0.0 Failed to exec docker-build script
9 verbose stack Error: angular2-quickstart@1.0.0 docker-build: `docker build -t ng2-quickstart .`
9 verbose stack Exit status 1
9 verbose stack     at EventEmitter.<anonymous> (C:\Program Files\nodejs\node_modules\npm\lib\utils\lifecycle.js:214:16)
9 verbose stack     at emitTwo (events.js:87:13)
9 verbose stack     at EventEmitter.emit (events.js:172:7)
9 verbose stack     at ChildProcess.<anonymous> (C:\Program Files\nodejs\node_modules\npm\lib\utils\spawn.js:24:14)
9 verbose stack     at emitTwo (events.js:87:13)
9 verbose stack     at ChildProcess.emit (events.js:172:7)
9 verbose stack     at maybeClose (internal/child_process.js:821:16)
9 verbose stack     at Process.ChildProcess._handle.onexit (internal/child_process.js:211:5)
10 verbose pkgid angular2-quickstart@1.0.0
11 verbose cwd C:\Users\Consultant\desarrollo\angular2\quickstart
12 error Windows_NT 6.3.9600
13 error argv "C:\\Program Files\\nodejs\\node.exe" "C:\\Program Files\\nodejs\\node_modules\\npm\\bin\\npm-cli.js" "run" "docker-build"
14 error node v4.2.5
15 error npm  v2.14.12
16 error code ELIFECYCLE
17 error angular2-quickstart@1.0.0 docker-build: `docker build -t ng2-quickstart .`
17 error Exit status 1
18 error Failed at the angular2-quickstart@1.0.0 docker-build script 'docker build -t ng2-quickstart .'.
18 error This is most likely a problem with the angular2-quickstart package,
18 error not with npm itself.
18 error Tell the author that this fails on your system:
18 error     docker build -t ng2-quickstart .
18 error You can get their info via:
18 error     npm owner ls angular2-quickstart
18 error There is likely additional logging output above.
19 verbose exit [ 1, true ]
